<?xml version="1.0" encoding="UTF-8"?>
<testsuite xmlns:xsi="http://www.w3.org/2001/XMLSchema-instance" xsi:noNamespaceSchemaLocation="https://maven.apache.org/surefire/maven-surefire-plugin/xsd/surefire-test-report-3.0.xsd" version="3.0" name="com.dao.DetalleVentaJpaControllerTest" time="3.532" tests="1" errors="0" skipped="0" failures="0">
  <properties>
[...]
</properties>
  <testcase name="testGetEntityManager" classname="com.dao.DetalleVentaJpaControllerTest" time="3.484">
    <system-out><![CDATA[getEntityManager
]]></system-out>
    <system-err><![CDATA[oct 20, 2021 12:34:56 PM org.hibernate.ejb.HibernatePersistence logDeprecation
WARN: HHH015016: Encountered a deprecated javax.persistence.spi.PersistenceProvider [org.hibernate.ejb.HibernatePersistence]; use [org.hibernate.jpa.HibernatePersistenceProvider] instead.
oct 20, 2021 12:34:56 PM org.hibernate.ejb.HibernatePersistence logDeprecation
WARN: HHH015016: Encountered a deprecated javax.persistence.spi.PersistenceProvider [org.hibernate.ejb.HibernatePersistence]; use [org.hibernate.jpa.HibernatePersistenceProvider] instead.
oct 20, 2021 12:34:56 PM org.hibernate.ejb.HibernatePersistence logDeprecation
WARN: HHH015016: Encountered a deprecated javax.persistence.spi.PersistenceProvider [org.hibernate.ejb.HibernatePersistence]; use [org.hibernate.jpa.HibernatePersistenceProvider] instead.
oct 20, 2021 12:34:57 PM org.hibernate.jpa.internal.util.LogHelper logPersistenceUnitInformation
INFO: HHH000204: Processing PersistenceUnitInfo [
	name: DB
	...]
oct 20, 2021 12:34:57 PM org.hibernate.Version logVersion
INFO: HHH000412: Hibernate Core {4.3.1.Final}
oct 20, 2021 12:34:57 PM org.hibernate.cfg.Environment <clinit>
INFO: HHH000206: hibernate.properties not found
oct 20, 2021 12:34:57 PM org.hibernate.cfg.Environment buildBytecodeProvider
INFO: HHH000021: Bytecode provider name : javassist
oct 20, 2021 12:34:57 PM org.hibernate.annotations.common.reflection.java.JavaReflectionManager <clinit>
INFO: HCANN000001: Hibernate Commons Annotations {4.0.4.Final}
oct 20, 2021 12:34:57 PM org.hibernate.engine.jdbc.connections.internal.DriverManagerConnectionProviderImpl configure
WARN: HHH000402: Using Hibernate built-in connection pool (not for production use!)
Loading class `com.mysql.jdbc.Driver'. This is deprecated. The new driver class is `com.mysql.cj.jdbc.Driver'. The driver is automatically registered via the SPI and manual loading of the driver class is generally unnecessary.
oct 20, 2021 12:34:57 PM org.hibernate.engine.jdbc.connections.internal.DriverManagerConnectionProviderImpl buildCreator
INFO: HHH000401: using driver [com.mysql.jdbc.Driver] at URL [jdbc:mysql://localhost:3306/Microcosmos?zeroDateTimeBehavior=convertToNull]
oct 20, 2021 12:34:57 PM org.hibernate.engine.jdbc.connections.internal.DriverManagerConnectionProviderImpl buildCreator
INFO: HHH000046: Connection properties: {user=root, password=****}
oct 20, 2021 12:34:57 PM org.hibernate.engine.jdbc.connections.internal.DriverManagerConnectionProviderImpl buildCreator
INFO: HHH000006: Autocommit mode: false
oct 20, 2021 12:34:57 PM org.hibernate.engine.jdbc.connections.internal.DriverManagerConnectionProviderImpl configure
INFO: HHH000115: Hibernate connection pool size: 20 (min=1)
oct 20, 2021 12:34:58 PM org.hibernate.dialect.Dialect <init>
INFO: HHH000400: Using dialect: org.hibernate.dialect.MySQLDialect
oct 20, 2021 12:34:58 PM org.hibernate.hql.internal.ast.ASTQueryTranslatorFactory <init>
INFO: HHH000397: Using ASTQueryTranslatorFactory
oct 20, 2021 12:34:58 PM org.hibernate.tool.hbm2ddl.SchemaValidator validate
INFO: HHH000229: Running schema validator
oct 20, 2021 12:34:58 PM org.hibernate.tool.hbm2ddl.SchemaValidator validate
INFO: HHH000102: Fetching database metadata
oct 20, 2021 12:34:58 PM org.hibernate.tool.hbm2ddl.TableMetadata <init>
INFO: HHH000261: Table found: microcosmos.arealaboral
oct 20, 2021 12:34:58 PM org.hibernate.tool.hbm2ddl.TableMetadata <init>
INFO: HHH000037: Columns: [idarealaboral, descripcionarealaboral, nombrearealaboral, activoarealaboral]
oct 20, 2021 12:34:58 PM org.hibernate.tool.hbm2ddl.TableMetadata <init>
INFO: HHH000261: Table found: microcosmos.arealaboralhistorica
oct 20, 2021 12:34:58 PM org.hibernate.tool.hbm2ddl.TableMetadata <init>
INFO: HHH000037: Columns: [idempleados, fechaconclusion, fechacomienzo, idarealaboralhistorica]
oct 20, 2021 12:34:58 PM org.hibernate.tool.hbm2ddl.TableMetadata <init>
INFO: HHH000261: Table found: microcosmos.articulo
oct 20, 2021 12:34:58 PM org.hibernate.tool.hbm2ddl.TableMetadata <init>
INFO: HHH000037: Columns: [idsecciontienda, stockmaximo, activoarticulo, nombrearticulo, stockminimo, precioarticulo, idtalla, stock, descripcionarticulo, idarticulo]
oct 20, 2021 12:34:58 PM org.hibernate.tool.hbm2ddl.TableMetadata <init>
INFO: HHH000261: Table found: microcosmos.clientes
oct 20, 2021 12:34:58 PM org.hibernate.tool.hbm2ddl.TableMetadata <init>
INFO: HHH000037: Columns: [telefonocliente, direccioncliente, idtipodocumento, idsexo, documento, activocliente, idcliente, nombrecliente, apellidocliente, correocliente]
oct 20, 2021 12:34:58 PM org.hibernate.tool.hbm2ddl.TableMetadata <init>
INFO: HHH000261: Table found: microcosmos.compra
oct 20, 2021 12:34:58 PM org.hibernate.tool.hbm2ddl.TableMetadata <init>
INFO: HHH000037: Columns: [idcompra, fechapedido, idproveedor, idempleados, fecharecibido, totalcompra, idestado]
oct 20, 2021 12:34:58 PM org.hibernate.tool.hbm2ddl.TableMetadata <init>
INFO: HHH000261: Table found: microcosmos.detallecompra
oct 20, 2021 12:34:58 PM org.hibernate.tool.hbm2ddl.TableMetadata <init>
INFO: HHH000037: Columns: [idcompra, iddetallecompra, preciocompra, cantidad, idarticulo]
oct 20, 2021 12:34:58 PM org.hibernate.tool.hbm2ddl.TableMetadata <init>
INFO: HHH000261: Table found: microcosmos.detalleventa
oct 20, 2021 12:34:58 PM org.hibernate.tool.hbm2ddl.TableMetadata <init>
INFO: HHH000037: Columns: [idventa, iddetalleventa, cantidad, idarticulo]
oct 20, 2021 12:34:58 PM org.hibernate.tool.hbm2ddl.TableMetadata <init>
INFO: HHH000261: Table found: microcosmos.empleados
oct 20, 2021 12:34:58 PM org.hibernate.tool.hbm2ddl.TableMetadata <init>
INFO: HHH000037: Columns: [idempleados, idarealaboral, idtipodocumento, idsexo, telefonoempleado, documento, nombreempleado, correoempleado, apellidoempleado, fechadenacimiento, activoempleado]
oct 20, 2021 12:34:58 PM org.hibernate.tool.hbm2ddl.TableMetadata <init>
INFO: HHH000261: Table found: microcosmos.entidades
oct 20, 2021 12:34:58 PM org.hibernate.tool.hbm2ddl.TableMetadata <init>
INFO: HHH000037: Columns: [identidad, activoentidad, nombreentidad]
oct 20, 2021 12:34:58 PM org.hibernate.tool.hbm2ddl.TableMetadata <init>
INFO: HHH000261: Table found: microcosmos.estado
oct 20, 2021 12:34:58 PM org.hibernate.tool.hbm2ddl.TableMetadata <init>
INFO: HHH000037: Columns: [nombreestado, activoestado, identidad, descripcionestado, idestado]
oct 20, 2021 12:34:58 PM org.hibernate.tool.hbm2ddl.TableMetadata <init>
INFO: HHH000261: Table found: microcosmos.facturasdevueltas
oct 20, 2021 12:34:58 PM org.hibernate.tool.hbm2ddl.TableMetadata <init>
INFO: HHH000037: Columns: [idventa, descripcion, fechadevolucion, idempleados, idfacturadevuelta]
oct 20, 2021 12:34:58 PM org.hibernate.tool.hbm2ddl.TableMetadata <init>
INFO: HHH000261: Table found: microcosmos.parametros
oct 20, 2021 12:34:58 PM org.hibernate.tool.hbm2ddl.TableMetadata <init>
INFO: HHH000037: Columns: [facturainicial, fechaemision, facturafinal, activoparametros, fechacaducidad, cai, idparametros]
oct 20, 2021 12:34:58 PM org.hibernate.tool.hbm2ddl.TableMetadata <init>
INFO: HHH000261: Table found: microcosmos.pedidosdevueltos
oct 20, 2021 12:34:58 PM org.hibernate.tool.hbm2ddl.TableMetadata <init>
INFO: HHH000037: Columns: [idcompra, descripcion, idempleados, idpedidosdevueltos, fechaanulacion]
oct 20, 2021 12:34:58 PM org.hibernate.tool.hbm2ddl.TableMetadata <init>
INFO: HHH000261: Table found: microcosmos.preciohistorico
oct 20, 2021 12:34:58 PM org.hibernate.tool.hbm2ddl.TableMetadata <init>
INFO: HHH000037: Columns: [precio, idpreciohistorico, fechainicial, fechafinal, idarticulo, activopreciohistorico]
oct 20, 2021 12:34:58 PM org.hibernate.tool.hbm2ddl.TableMetadata <init>
INFO: HHH000261: Table found: microcosmos.proveedores
oct 20, 2021 12:34:58 PM org.hibernate.tool.hbm2ddl.TableMetadata <init>
INFO: HHH000037: Columns: [idproveedor, activoproveedor, idtipodocumento, nombreproveedor, correoproveedor, telefonoproveedor, documento, ubicacionproveedor]
oct 20, 2021 12:34:58 PM org.hibernate.tool.hbm2ddl.TableMetadata <init>
INFO: HHH000261: Table found: microcosmos.secciontienda
oct 20, 2021 12:34:58 PM org.hibernate.tool.hbm2ddl.TableMetadata <init>
INFO: HHH000037: Columns: [idsecciontienda, descripcionsecciontienda, nombresecciontienda, activosecciontienda]
oct 20, 2021 12:34:58 PM org.hibernate.tool.hbm2ddl.TableMetadata <init>
INFO: HHH000261: Table found: microcosmos.sexo
oct 20, 2021 12:34:58 PM org.hibernate.tool.hbm2ddl.TableMetadata <init>
INFO: HHH000037: Columns: [idsexo, nombresexo, descripcionsexo]
oct 20, 2021 12:34:58 PM org.hibernate.tool.hbm2ddl.TableMetadata <init>
INFO: HHH000261: Table found: microcosmos.talla
oct 20, 2021 12:34:58 PM org.hibernate.tool.hbm2ddl.TableMetadata <init>
INFO: HHH000037: Columns: [activotalla, nombretalla, descripciontalla, idtalla]
oct 20, 2021 12:34:58 PM org.hibernate.tool.hbm2ddl.TableMetadata <init>
INFO: HHH000261: Table found: microcosmos.tipodepago
oct 20, 2021 12:34:58 PM org.hibernate.tool.hbm2ddl.TableMetadata <init>
INFO: HHH000037: Columns: [descripciontipodepago, nombretipodepago, idtipodepago, activotipodepago]
oct 20, 2021 12:34:58 PM org.hibernate.tool.hbm2ddl.TableMetadata <init>
INFO: HHH000261: Table found: microcosmos.tipodocumento
oct 20, 2021 12:34:58 PM org.hibernate.tool.hbm2ddl.TableMetadata <init>
INFO: HHH000037: Columns: [nombretipodocumento, descripciontipodocumento, activotipodocumento, idtipodocumento]
oct 20, 2021 12:34:58 PM org.hibernate.tool.hbm2ddl.TableMetadata <init>
INFO: HHH000261: Table found: microcosmos.usuarios
oct 20, 2021 12:34:58 PM org.hibernate.tool.hbm2ddl.TableMetadata <init>
INFO: HHH000037: Columns: [nombreusuario, idempleados, numerodeintentos, activousuario, admin, contrasena, idusuario]
oct 20, 2021 12:34:58 PM org.hibernate.tool.hbm2ddl.TableMetadata <init>
INFO: HHH000261: Table found: microcosmos.venta
oct 20, 2021 12:34:58 PM org.hibernate.tool.hbm2ddl.TableMetadata <init>
INFO: HHH000037: Columns: [numtarjeta, idtipodepago, formato, montoefectivo, idcliente, idestado, idventa, total, idempleados, impuesto, subtotal, montotarjeta, fechaventa, idparametros]
oct 20, 2021 12:34:58 PM org.hibernate.ejb.HibernatePersistence logDeprecation
WARN: HHH015016: Encountered a deprecated javax.persistence.spi.PersistenceProvider [org.hibernate.ejb.HibernatePersistence]; use [org.hibernate.jpa.HibernatePersistenceProvider] instead.
oct 20, 2021 12:34:58 PM org.hibernate.ejb.HibernatePersistence logDeprecation
WARN: HHH015016: Encountered a deprecated javax.persistence.spi.PersistenceProvider [org.hibernate.ejb.HibernatePersistence]; use [org.hibernate.jpa.HibernatePersistenceProvider] instead.
oct 20, 2021 12:34:58 PM org.hibernate.ejb.HibernatePersistence logDeprecation
WARN: HHH015016: Encountered a deprecated javax.persistence.spi.PersistenceProvider [org.hibernate.ejb.HibernatePersistence]; use [org.hibernate.jpa.HibernatePersistenceProvider] instead.
oct 20, 2021 12:34:58 PM org.hibernate.jpa.internal.util.LogHelper logPersistenceUnitInformation
INFO: HHH000204: Processing PersistenceUnitInfo [
	name: DB
	...]
oct 20, 2021 12:34:58 PM org.hibernate.engine.jdbc.connections.internal.DriverManagerConnectionProviderImpl configure
WARN: HHH000402: Using Hibernate built-in connection pool (not for production use!)
oct 20, 2021 12:34:58 PM org.hibernate.engine.jdbc.connections.internal.DriverManagerConnectionProviderImpl buildCreator
INFO: HHH000401: using driver [com.mysql.jdbc.Driver] at URL [jdbc:mysql://localhost:3306/Microcosmos?zeroDateTimeBehavior=convertToNull]
oct 20, 2021 12:34:58 PM org.hibernate.engine.jdbc.connections.internal.DriverManagerConnectionProviderImpl buildCreator
INFO: HHH000046: Connection properties: {user=root, password=****}
oct 20, 2021 12:34:58 PM org.hibernate.engine.jdbc.connections.internal.DriverManagerConnectionProviderImpl buildCreator
INFO: HHH000006: Autocommit mode: false
oct 20, 2021 12:34:58 PM org.hibernate.engine.jdbc.connections.internal.DriverManagerConnectionProviderImpl configure
INFO: HHH000115: Hibernate connection pool size: 20 (min=1)
oct 20, 2021 12:34:58 PM org.hibernate.dialect.Dialect <init>
INFO: HHH000400: Using dialect: org.hibernate.dialect.MySQLDialect
oct 20, 2021 12:34:58 PM org.hibernate.hql.internal.ast.ASTQueryTranslatorFactory <init>
INFO: HHH000397: Using ASTQueryTranslatorFactory
oct 20, 2021 12:34:58 PM org.hibernate.tool.hbm2ddl.SchemaValidator validate
INFO: HHH000229: Running schema validator
oct 20, 2021 12:34:58 PM org.hibernate.tool.hbm2ddl.SchemaValidator validate
INFO: HHH000102: Fetching database metadata
oct 20, 2021 12:34:58 PM org.hibernate.tool.hbm2ddl.TableMetadata <init>
INFO: HHH000261: Table found: microcosmos.arealaboral
oct 20, 2021 12:34:58 PM org.hibernate.tool.hbm2ddl.TableMetadata <init>
INFO: HHH000037: Columns: [idarealaboral, descripcionarealaboral, nombrearealaboral, activoarealaboral]
oct 20, 2021 12:34:58 PM org.hibernate.tool.hbm2ddl.TableMetadata <init>
INFO: HHH000261: Table found: microcosmos.arealaboralhistorica
oct 20, 2021 12:34:58 PM org.hibernate.tool.hbm2ddl.TableMetadata <init>
INFO: HHH000037: Columns: [idempleados, fechaconclusion, fechacomienzo, idarealaboralhistorica]
oct 20, 2021 12:34:58 PM org.hibernate.tool.hbm2ddl.TableMetadata <init>
INFO: HHH000261: Table found: microcosmos.articulo
oct 20, 2021 12:34:58 PM org.hibernate.tool.hbm2ddl.TableMetadata <init>
INFO: HHH000037: Columns: [idsecciontienda, stockmaximo, activoarticulo, nombrearticulo, stockminimo, precioarticulo, idtalla, stock, descripcionarticulo, idarticulo]
oct 20, 2021 12:34:58 PM org.hibernate.tool.hbm2ddl.TableMetadata <init>
INFO: HHH000261: Table found: microcosmos.clientes
oct 20, 2021 12:34:58 PM org.hibernate.tool.hbm2ddl.TableMetadata <init>
INFO: HHH000037: Columns: [telefonocliente, direccioncliente, idtipodocumento, idsexo, documento, activocliente, idcliente, nombrecliente, apellidocliente, correocliente]
oct 20, 2021 12:34:58 PM org.hibernate.tool.hbm2ddl.TableMetadata <init>
INFO: HHH000261: Table found: microcosmos.compra
oct 20, 2021 12:34:58 PM org.hibernate.tool.hbm2ddl.TableMetadata <init>
INFO: HHH000037: Columns: [idcompra, fechapedido, idproveedor, idempleados, fecharecibido, totalcompra, idestado]
oct 20, 2021 12:34:58 PM org.hibernate.tool.hbm2ddl.TableMetadata <init>
INFO: HHH000261: Table found: microcosmos.detallecompra
oct 20, 2021 12:34:58 PM org.hibernate.tool.hbm2ddl.TableMetadata <init>
INFO: HHH000037: Columns: [idcompra, iddetallecompra, preciocompra, cantidad, idarticulo]
oct 20, 2021 12:34:58 PM org.hibernate.tool.hbm2ddl.TableMetadata <init>
INFO: HHH000261: Table found: microcosmos.detalleventa
oct 20, 2021 12:34:58 PM org.hibernate.tool.hbm2ddl.TableMetadata <init>
INFO: HHH000037: Columns: [idventa, iddetalleventa, cantidad, idarticulo]
oct 20, 2021 12:34:58 PM org.hibernate.tool.hbm2ddl.TableMetadata <init>
INFO: HHH000261: Table found: microcosmos.empleados
oct 20, 2021 12:34:58 PM org.hibernate.tool.hbm2ddl.TableMetadata <init>
INFO: HHH000037: Columns: [idempleados, idarealaboral, idtipodocumento, idsexo, telefonoempleado, documento, nombreempleado, correoempleado, apellidoempleado, fechadenacimiento, activoempleado]
oct 20, 2021 12:34:58 PM org.hibernate.tool.hbm2ddl.TableMetadata <init>
INFO: HHH000261: Table found: microcosmos.entidades
oct 20, 2021 12:34:58 PM org.hibernate.tool.hbm2ddl.TableMetadata <init>
INFO: HHH000037: Columns: [identidad, activoentidad, nombreentidad]
oct 20, 2021 12:34:58 PM org.hibernate.tool.hbm2ddl.TableMetadata <init>
INFO: HHH000261: Table found: microcosmos.estado
oct 20, 2021 12:34:58 PM org.hibernate.tool.hbm2ddl.TableMetadata <init>
INFO: HHH000037: Columns: [nombreestado, activoestado, identidad, descripcionestado, idestado]
oct 20, 2021 12:34:58 PM org.hibernate.tool.hbm2ddl.TableMetadata <init>
INFO: HHH000261: Table found: microcosmos.facturasdevueltas
oct 20, 2021 12:34:58 PM org.hibernate.tool.hbm2ddl.TableMetadata <init>
INFO: HHH000037: Columns: [idventa, descripcion, fechadevolucion, idempleados, idfacturadevuelta]
oct 20, 2021 12:34:58 PM org.hibernate.tool.hbm2ddl.TableMetadata <init>
INFO: HHH000261: Table found: microcosmos.parametros
oct 20, 2021 12:34:58 PM org.hibernate.tool.hbm2ddl.TableMetadata <init>
INFO: HHH000037: Columns: [facturainicial, fechaemision, facturafinal, activoparametros, fechacaducidad, cai, idparametros]
oct 20, 2021 12:34:58 PM org.hibernate.tool.hbm2ddl.TableMetadata <init>
INFO: HHH000261: Table found: microcosmos.pedidosdevueltos
oct 20, 2021 12:34:58 PM org.hibernate.tool.hbm2ddl.TableMetadata <init>
INFO: HHH000037: Columns: [idcompra, descripcion, idempleados, idpedidosdevueltos, fechaanulacion]
oct 20, 2021 12:34:58 PM org.hibernate.tool.hbm2ddl.TableMetadata <init>
INFO: HHH000261: Table found: microcosmos.preciohistorico
oct 20, 2021 12:34:58 PM org.hibernate.tool.hbm2ddl.TableMetadata <init>
INFO: HHH000037: Columns: [precio, idpreciohistorico, fechainicial, fechafinal, idarticulo, activopreciohistorico]
oct 20, 2021 12:34:58 PM org.hibernate.tool.hbm2ddl.TableMetadata <init>
INFO: HHH000261: Table found: microcosmos.proveedores
oct 20, 2021 12:34:58 PM org.hibernate.tool.hbm2ddl.TableMetadata <init>
INFO: HHH000037: Columns: [idproveedor, activoproveedor, idtipodocumento, nombreproveedor, correoproveedor, telefonoproveedor, documento, ubicacionproveedor]
oct 20, 2021 12:34:58 PM org.hibernate.tool.hbm2ddl.TableMetadata <init>
INFO: HHH000261: Table found: microcosmos.secciontienda
oct 20, 2021 12:34:58 PM org.hibernate.tool.hbm2ddl.TableMetadata <init>
INFO: HHH000037: Columns: [idsecciontienda, descripcionsecciontienda, nombresecciontienda, activosecciontienda]
oct 20, 2021 12:34:58 PM org.hibernate.tool.hbm2ddl.TableMetadata <init>
INFO: HHH000261: Table found: microcosmos.sexo
oct 20, 2021 12:34:58 PM org.hibernate.tool.hbm2ddl.TableMetadata <init>
INFO: HHH000037: Columns: [idsexo, nombresexo, descripcionsexo]
oct 20, 2021 12:34:58 PM org.hibernate.tool.hbm2ddl.TableMetadata <init>
INFO: HHH000261: Table found: microcosmos.talla
oct 20, 2021 12:34:58 PM org.hibernate.tool.hbm2ddl.TableMetadata <init>
INFO: HHH000037: Columns: [activotalla, nombretalla, descripciontalla, idtalla]
oct 20, 2021 12:34:58 PM org.hibernate.tool.hbm2ddl.TableMetadata <init>
INFO: HHH000261: Table found: microcosmos.tipodepago
oct 20, 2021 12:34:58 PM org.hibernate.tool.hbm2ddl.TableMetadata <init>
INFO: HHH000037: Columns: [descripciontipodepago, nombretipodepago, idtipodepago, activotipodepago]
oct 20, 2021 12:34:58 PM org.hibernate.tool.hbm2ddl.TableMetadata <init>
INFO: HHH000261: Table found: microcosmos.tipodocumento
oct 20, 2021 12:34:58 PM org.hibernate.tool.hbm2ddl.TableMetadata <init>
INFO: HHH000037: Columns: [nombretipodocumento, descripciontipodocumento, activotipodocumento, idtipodocumento]
oct 20, 2021 12:34:58 PM org.hibernate.tool.hbm2ddl.TableMetadata <init>
INFO: HHH000261: Table found: microcosmos.usuarios
oct 20, 2021 12:34:58 PM org.hibernate.tool.hbm2ddl.TableMetadata <init>
INFO: HHH000037: Columns: [nombreusuario, idempleados, numerodeintentos, activousuario, admin, contrasena, idusuario]
oct 20, 2021 12:34:58 PM org.hibernate.tool.hbm2ddl.TableMetadata <init>
INFO: HHH000261: Table found: microcosmos.venta
oct 20, 2021 12:34:58 PM org.hibernate.tool.hbm2ddl.TableMetadata <init>
INFO: HHH000037: Columns: [numtarjeta, idtipodepago, formato, montoefectivo, idcliente, idestado, idventa, total, idempleados, impuesto, subtotal, montotarjeta, fechaventa, idparametros]
oct 20, 2021 12:34:58 PM org.hibernate.jpa.internal.EntityManagerFactoryRegistry addEntityManagerFactory
WARN: HHH000436: Entity manager factory name (DB) is already registered.  If entity manager will be clustered or passivated, specify a unique value for property 'hibernate.ejb.entitymanager_factory_name'
]]></system-err>
  </testcase>
</testsuite>